This is pdfTeX, Version 3.1415926-1.40.11 (TeX Live 2010) (format=pdflatex 2011.6.14)  10 AUG 2011 21:18
entering extended mode
 restricted \write18 enabled.
 %&-line parsing enabled.
**Main.tex --output-format dvi
(./Main.tex
LaTeX2e <2009/09/24>
Babel <v3.8l> and hyphenation patterns for english, dumylang, nohyphenation, ge
rman-x-2009-06-19, ngerman-x-2009-06-19, afrikaans, ancientgreek, ibycus, arabi
c, armenian, basque, bulgarian, catalan, pinyin, coptic, croatian, czech, danis
h, dutch, ukenglish, usenglishmax, esperanto, estonian, ethiopic, farsi, finnis
h, french, galician, german, ngerman, swissgerman, monogreek, greek, hungarian,
 icelandic, assamese, bengali, gujarati, hindi, kannada, malayalam, marathi, or
iya, panjabi, tamil, telugu, indonesian, interlingua, irish, italian, kurmanji,
 lao, latin, latvian, lithuanian, mongolian, mongolianlmc, bokmal, nynorsk, pol
ish, portuguese, romanian, russian, sanskrit, serbian, slovak, slovenian, spani
sh, swedish, turkish, turkmen, ukrainian, uppersorbian, welsh, loaded.
(/usr/local/texlive/2010/texmf-dist/tex/latex/base/article.cls
Document Class: article 2007/10/19 v1.4h Standard LaTeX document class
(/usr/local/texlive/2010/texmf-dist/tex/latex/base/size12.clo
File: size12.clo 2007/10/19 v1.4h Standard LaTeX file (size option)
)
\c@part=\count79
\c@section=\count80
\c@subsection=\count81
\c@subsubsection=\count82
\c@paragraph=\count83
\c@subparagraph=\count84
\c@figure=\count85
\c@table=\count86
\abovecaptionskip=\skip41
\belowcaptionskip=\skip42
\bibindent=\dimen102
)
(../comon/preamble/config.tex
(/usr/local/texlive/2010/texmf-dist/tex/latex/graphics/graphicx.sty
Package: graphicx 1999/02/16 v1.0f Enhanced LaTeX Graphics (DPC,SPQR)

(/usr/local/texlive/2010/texmf-dist/tex/latex/graphics/keyval.sty
Package: keyval 1999/03/16 v1.13 key=value parser (DPC)
\KV@toks@=\toks14
)
(/usr/local/texlive/2010/texmf-dist/tex/latex/graphics/graphics.sty
Package: graphics 2009/02/05 v1.0o Standard LaTeX Graphics (DPC,SPQR)

(/usr/local/texlive/2010/texmf-dist/tex/latex/graphics/trig.sty
Package: trig 1999/03/16 v1.09 sin cos tan (DPC)
)
(/usr/local/texlive/2010/texmf-dist/tex/latex/latexconfig/graphics.cfg
File: graphics.cfg 2010/04/23 v1.9 graphics configuration of TeX Live
)
Package graphics Info: Driver file: pdftex.def on input line 91.

(/usr/local/texlive/2010/texmf-dist/tex/latex/pdftex-def/pdftex.def
File: pdftex.def 2011/05/18 v0.06c Graphics/color for pdfTeX

(/usr/local/texlive/2010/texmf-dist/tex/generic/oberdiek/infwarerr.sty
Package: infwarerr 2010/04/08 v1.3 Providing info/warning/message (HO)
)
(/usr/local/texlive/2010/texmf-dist/tex/generic/oberdiek/ltxcmds.sty
Package: ltxcmds 2011/04/18 v1.20 LaTeX kernel commands for general use (HO)
)
\Gread@gobject=\count87
))
\Gin@req@height=\dimen103
\Gin@req@width=\dimen104
)
(/usr/local/texlive/2010/texmf-dist/tex/latex/geometry/geometry.sty
Package: geometry 2010/09/12 v5.6 Page Geometry

(/usr/local/texlive/2010/texmf-dist/tex/generic/oberdiek/ifpdf.sty
Package: ifpdf 2011/01/30 v2.3 Provides the ifpdf switch (HO)
Package ifpdf Info: pdfTeX in PDF mode is detected.
)
(/usr/local/texlive/2010/texmf-dist/tex/generic/oberdiek/ifvtex.sty
Package: ifvtex 2010/03/01 v1.5 Switches for detecting VTeX and its modes (HO)
Package ifvtex Info: VTeX not detected.
)
(/usr/local/texlive/2010/texmf-dist/tex/generic/ifxetex/ifxetex.sty
Package: ifxetex 2010/09/12 v0.6 Provides ifxetex conditional
)
\Gm@cnth=\count88
\Gm@cntv=\count89
\c@Gm@tempcnt=\count90
\Gm@bindingoffset=\dimen105
\Gm@wd@mp=\dimen106
\Gm@odd@mp=\dimen107
\Gm@even@mp=\dimen108
\Gm@layoutwidth=\dimen109
\Gm@layoutheight=\dimen110
\Gm@layouthoffset=\dimen111
\Gm@layoutvoffset=\dimen112
\Gm@dimlist=\toks15
)
(/usr/local/texlive/2010/texmf-dist/tex/latex/base/inputenc.sty
Package: inputenc 2008/03/30 v1.1d Input encoding file
\inpenc@prehook=\toks16
\inpenc@posthook=\toks17

(/usr/local/texlive/2010/texmf-dist/tex/latex/ucs/utf8x.def
File: utf8x.def 2004/10/17 UCS: Input encoding UTF-8
))
(/usr/local/texlive/2010/texmf-dist/tex/latex/ucs/ucs.sty
Package: ucs 2004/10/17 UCS: Unicode input support

(/usr/local/texlive/2010/texmf-dist/tex/latex/ucs/data/uni-global.def
File: uni-global.def 2004/10/17 UCS: Unicode global data
)
\uc@secondtry=\count91
\uc@combtoks=\toks18
\uc@combtoksb=\toks19
\uc@temptokena=\toks20
)
(/usr/local/texlive/2010/texmf-dist/tex/latex/float/float.sty
Package: float 2001/11/08 v1.3d Float enhancements (AL)
\c@float@type=\count92
\float@exts=\toks21
\float@box=\box26
\@float@everytoks=\toks22
\@floatcapt=\box27
)
(/usr/local/texlive/2010/texmf-dist/tex/generic/babel/babel.sty
Package: babel 2008/07/06 v3.8l The Babel package

(/usr/local/texlive/2010/texmf-dist/tex/generic/babel/frenchb.ldf
Language: frenchb 2009/03/16 v2.3d French support from the babel system

(/usr/local/texlive/2010/texmf-dist/tex/generic/babel/babel.def
File: babel.def 2008/07/06 v3.8l Babel common definitions
\babel@savecnt=\count93
\U@D=\dimen113
)
Package babel Info: Making : an active character on input line 120.
Package babel Info: Making ; an active character on input line 121.
Package babel Info: Making ! an active character on input line 122.
Package babel Info: Making ? an active character on input line 123.
\FB@Mht=\dimen114
\std@mcc=\count94
\dec@mcc=\count95
\parindentFFN=\dimen115

*************************************
* Local config file frenchb.cfg used
*
(/usr/local/texlive/2010/texmf-dist/tex/generic/babel/frenchb.cfg)))
(/usr/local/texlive/2010/texmf-dist/tex/latex/carlisle/scalefnt.sty)
(/usr/local/texlive/2010/texmf-dist/tex/latex/amsmath/amsmath.sty
Package: amsmath 2000/07/18 v2.13 AMS math features
\@mathmargin=\skip43

For additional information on amsmath, use the `?' option.
(/usr/local/texlive/2010/texmf-dist/tex/latex/amsmath/amstext.sty
Package: amstext 2000/06/29 v2.01

(/usr/local/texlive/2010/texmf-dist/tex/latex/amsmath/amsgen.sty
File: amsgen.sty 1999/11/30 v2.0
\@emptytoks=\toks23
\ex@=\dimen116
))
(/usr/local/texlive/2010/texmf-dist/tex/latex/amsmath/amsbsy.sty
Package: amsbsy 1999/11/29 v1.2d
\pmbraise@=\dimen117
)
(/usr/local/texlive/2010/texmf-dist/tex/latex/amsmath/amsopn.sty
Package: amsopn 1999/12/14 v2.01 operator names
)
\inf@bad=\count96
LaTeX Info: Redefining \frac on input line 211.
\uproot@=\count97
\leftroot@=\count98
LaTeX Info: Redefining \overline on input line 307.
\classnum@=\count99
\DOTSCASE@=\count100
LaTeX Info: Redefining \ldots on input line 379.
LaTeX Info: Redefining \dots on input line 382.
LaTeX Info: Redefining \cdots on input line 467.
\Mathstrutbox@=\box28
\strutbox@=\box29
\big@size=\dimen118
LaTeX Font Info:    Redeclaring font encoding OML on input line 567.
LaTeX Font Info:    Redeclaring font encoding OMS on input line 568.
\macc@depth=\count101
\c@MaxMatrixCols=\count102
\dotsspace@=\muskip10
\c@parentequation=\count103
\dspbrk@lvl=\count104
\tag@help=\toks24
\row@=\count105
\column@=\count106
\maxfields@=\count107
\andhelp@=\toks25
\eqnshift@=\dimen119
\alignsep@=\dimen120
\tagshift@=\dimen121
\tagwidth@=\dimen122
\totwidth@=\dimen123
\lineht@=\dimen124
\@envbody=\toks26
\multlinegap=\skip44
\multlinetaggap=\skip45
\mathdisplay@stack=\toks27
LaTeX Info: Redefining \[ on input line 2666.
LaTeX Info: Redefining \] on input line 2667.
)
(/usr/local/texlive/2010/texmf-dist/tex/latex/xcolor/xcolor.sty
Package: xcolor 2007/01/21 v2.11 LaTeX color extensions (UK)

(/usr/local/texlive/2010/texmf-dist/tex/latex/latexconfig/color.cfg
File: color.cfg 2007/01/18 v1.5 color configuration of teTeX/TeXLive
)
Package xcolor Info: Driver file: pdftex.def on input line 225.

(/usr/local/texlive/2010/texmf-dist/tex/latex/colortbl/colortbl.sty
Package: colortbl 2001/02/13 v0.1j Color table columns (DPC)

(/usr/local/texlive/2010/texmf-dist/tex/latex/tools/array.sty
Package: array 2008/09/09 v2.4c Tabular extension package (FMi)
\col@sep=\dimen125
\extrarowheight=\dimen126
\NC@list=\toks28
\extratabsurround=\skip46
\backup@length=\skip47
)
\everycr=\toks29
\minrowclearance=\skip48
)
\rownum=\count108
Package xcolor Info: Model `cmy' substituted by `cmy0' on input line 1337.
Package xcolor Info: Model `hsb' substituted by `rgb' on input line 1341.
Package xcolor Info: Model `RGB' extended on input line 1353.
Package xcolor Info: Model `HTML' substituted by `rgb' on input line 1355.
Package xcolor Info: Model `Hsb' substituted by `hsb' on input line 1356.
Package xcolor Info: Model `tHsb' substituted by `hsb' on input line 1357.
Package xcolor Info: Model `HSB' substituted by `hsb' on input line 1358.
Package xcolor Info: Model `Gray' substituted by `gray' on input line 1359.
Package xcolor Info: Model `wave' substituted by `hsb' on input line 1360.
)
(/usr/local/texlive/2010/texmf-dist/tex/latex/fancyhdr/fancyhdr.sty
\fancy@headwidth=\skip49
\f@ncyO@elh=\skip50
\f@ncyO@erh=\skip51
\f@ncyO@olh=\skip52
\f@ncyO@orh=\skip53
\f@ncyO@elf=\skip54
\f@ncyO@erf=\skip55
\f@ncyO@olf=\skip56
\f@ncyO@orf=\skip57
)
(/usr/local/texlive/2010/texmf-dist/tex/latex/url/url.sty
\Urlmuskip=\muskip11
Package: url 2006/04/12  ver 3.3  Verb mode for urls, etc.
)
(/usr/local/texlive/2010/texmf-dist/tex/latex/parskip/parskip.sty
Package: parskip 2001/04/09 non-zero parskip adjustments
)
(/usr/local/texlive/2010/texmf-dist/tex/latex/wrapfig/wrapfig.sty
\wrapoverhang=\dimen127
\WF@size=\dimen128
\c@WF@wrappedlines=\count109
\WF@box=\box30
\WF@everypar=\toks30
Package: wrapfig 2003/01/31  v 3.6
)
(/usr/local/texlive/2010/texmf-dist/tex/latex/ccaption/ccaption.sty
Package: ccaption 2009/09/02 v3.2b Extended captioning and new floats
\@contcwidth=\skip58
\@contindw=\skip59
\abovelegendskip=\skip60
\belowlegendskip=\skip61
\c@newflo@tctr=\count110
)
(/usr/local/texlive/2010/texmf-dist/tex/latex/listings/listings.sty
\lst@mode=\count111
\lst@gtempboxa=\box31
\lst@token=\toks31
\lst@length=\count112
\lst@currlwidth=\dimen129
\lst@column=\count113
\lst@pos=\count114
\lst@lostspace=\dimen130
\lst@width=\dimen131
\lst@newlines=\count115
\lst@lineno=\count116
\lst@maxwidth=\dimen132

(/usr/local/texlive/2010/texmf-dist/tex/latex/listings/lstmisc.sty
File: lstmisc.sty 2007/02/22 1.4 (Carsten Heinz)
\c@lstnumber=\count117
\lst@skipnumbers=\count118
\lst@framebox=\box32
)
(/usr/local/texlive/2010/texmf-dist/tex/latex/listings/listings.cfg
File: listings.cfg 2007/02/22 1.4 listings configuration
))
Package: listings 2007/02/22 1.4 (Carsten Heinz)

(/usr/local/texlive/2010/texmf-dist/tex/latex/base/textcomp.sty
Package: textcomp 2005/09/27 v1.99g Standard LaTeX package
Package textcomp Info: Sub-encoding information:
(textcomp)               5 = only ISO-Adobe without \textcurrency
(textcomp)               4 = 5 + \texteuro
(textcomp)               3 = 4 + \textohm
(textcomp)               2 = 3 + \textestimated + \textcurrency
(textcomp)               1 = TS1 - \textcircled - \t
(textcomp)               0 = TS1 (full)
(textcomp)             Font families with sub-encoding setting implement
(textcomp)             only a restricted character set as indicated.
(textcomp)             Family '?' is the default used for unknown fonts.
(textcomp)             See the documentation for details.
Package textcomp Info: Setting ? sub-encoding to TS1/1 on input line 71.

(/usr/local/texlive/2010/texmf-dist/tex/latex/base/ts1enc.def
File: ts1enc.def 2001/06/05 v3.0e (jk/car/fm) Standard LaTeX file
)
LaTeX Info: Redefining \oldstylenums on input line 266.
Package textcomp Info: Setting cmr sub-encoding to TS1/0 on input line 281.
Package textcomp Info: Setting cmss sub-encoding to TS1/0 on input line 282.
Package textcomp Info: Setting cmtt sub-encoding to TS1/0 on input line 283.
Package textcomp Info: Setting cmvtt sub-encoding to TS1/0 on input line 284.
Package textcomp Info: Setting cmbr sub-encoding to TS1/0 on input line 285.
Package textcomp Info: Setting cmtl sub-encoding to TS1/0 on input line 286.
Package textcomp Info: Setting ccr sub-encoding to TS1/0 on input line 287.
Package textcomp Info: Setting ptm sub-encoding to TS1/4 on input line 288.
Package textcomp Info: Setting pcr sub-encoding to TS1/4 on input line 289.
Package textcomp Info: Setting phv sub-encoding to TS1/4 on input line 290.
Package textcomp Info: Setting ppl sub-encoding to TS1/3 on input line 291.
Package textcomp Info: Setting pag sub-encoding to TS1/4 on input line 292.
Package textcomp Info: Setting pbk sub-encoding to TS1/4 on input line 293.
Package textcomp Info: Setting pnc sub-encoding to TS1/4 on input line 294.
Package textcomp Info: Setting pzc sub-encoding to TS1/4 on input line 295.
Package textcomp Info: Setting bch sub-encoding to TS1/4 on input line 296.
Package textcomp Info: Setting put sub-encoding to TS1/5 on input line 297.
Package textcomp Info: Setting uag sub-encoding to TS1/5 on input line 298.
Package textcomp Info: Setting ugq sub-encoding to TS1/5 on input line 299.
Package textcomp Info: Setting ul8 sub-encoding to TS1/4 on input line 300.
Package textcomp Info: Setting ul9 sub-encoding to TS1/4 on input line 301.
Package textcomp Info: Setting augie sub-encoding to TS1/5 on input line 302.
Package textcomp Info: Setting dayrom sub-encoding to TS1/3 on input line 303.
Package textcomp Info: Setting dayroms sub-encoding to TS1/3 on input line 304.

Package textcomp Info: Setting pxr sub-encoding to TS1/0 on input line 305.
Package textcomp Info: Setting pxss sub-encoding to TS1/0 on input line 306.
Package textcomp Info: Setting pxtt sub-encoding to TS1/0 on input line 307.
Package textcomp Info: Setting txr sub-encoding to TS1/0 on input line 308.
Package textcomp Info: Setting txss sub-encoding to TS1/0 on input line 309.
Package textcomp Info: Setting txtt sub-encoding to TS1/0 on input line 310.
Package textcomp Info: Setting futs sub-encoding to TS1/4 on input line 311.
Package textcomp Info: Setting futx sub-encoding to TS1/4 on input line 312.
Package textcomp Info: Setting futj sub-encoding to TS1/4 on input line 313.
Package textcomp Info: Setting hlh sub-encoding to TS1/3 on input line 314.
Package textcomp Info: Setting hls sub-encoding to TS1/3 on input line 315.
Package textcomp Info: Setting hlst sub-encoding to TS1/3 on input line 316.
Package textcomp Info: Setting hlct sub-encoding to TS1/5 on input line 317.
Package textcomp Info: Setting hlx sub-encoding to TS1/5 on input line 318.
Package textcomp Info: Setting hlce sub-encoding to TS1/5 on input line 319.
Package textcomp Info: Setting hlcn sub-encoding to TS1/5 on input line 320.
Package textcomp Info: Setting hlcw sub-encoding to TS1/5 on input line 321.
Package textcomp Info: Setting hlcf sub-encoding to TS1/5 on input line 322.
Package textcomp Info: Setting pplx sub-encoding to TS1/3 on input line 323.
Package textcomp Info: Setting pplj sub-encoding to TS1/3 on input line 324.
Package textcomp Info: Setting ptmx sub-encoding to TS1/4 on input line 325.
Package textcomp Info: Setting ptmj sub-encoding to TS1/4 on input line 326.
)
(/usr/local/texlive/2010/texmf-dist/tex/latex/hyperref/hyperref.sty
Package: hyperref 2011/04/17 v6.82g Hypertext links for LaTeX

(/usr/local/texlive/2010/texmf-dist/tex/generic/oberdiek/hobsub-hyperref.sty
Package: hobsub-hyperref 2011/04/23 v1.4 Bundle oberdiek, subset hyperref (HO)

(/usr/local/texlive/2010/texmf-dist/tex/generic/oberdiek/hobsub-generic.sty
Package: hobsub-generic 2011/04/23 v1.4 Bundle oberdiek, subset generic (HO)
Package: hobsub 2011/04/23 v1.4 Subsetting bundle oberdiek (HO)
Package hobsub Info: Skipping package `infwarerr' (already loaded).
Package hobsub Info: Skipping package `ltxcmds' (already loaded).
Package: ifluatex 2010/03/01 v1.3 Provides the ifluatex switch (HO)
Package ifluatex Info: LuaTeX not detected.
Package hobsub Info: Skipping package `ifvtex' (already loaded).
Package: intcalc 2007/09/27 v1.1 Expandable integer calculations (HO)
Package hobsub Info: Skipping package `ifpdf' (already loaded).
Package: etexcmds 2011/02/16 v1.5 Prefix for e-TeX command names (HO)
Package etexcmds Info: Could not find \expanded.
(etexcmds)             That can mean that you are not using pdfTeX 1.50 or
(etexcmds)             that some package has redefined \expanded.
(etexcmds)             In the latter case, load this package earlier.
Package: kvsetkeys 2011/04/07 v1.13 Key value parser (HO)
Package: kvdefinekeys 2011/04/07 v1.3 Defining keys (HO)
Package: pdftexcmds 2011/04/22 v0.16 Utilities of pdfTeX for LuaTeX (HO)
Package pdftexcmds Info: LuaTeX not detected.
Package pdftexcmds Info: \pdf@primitive is available.
Package pdftexcmds Info: \pdf@ifprimitive is available.
Package pdftexcmds Info: \pdfdraftmode found.
Package: pdfescape 2011/04/04 v1.12 Provides string conversions (HO)
Package: bigintcalc 2011/01/30 v1.2 Expandable big integer calculations (HO)
Package: bitset 2011/01/30 v1.1 Data type bit set (HO)
Package: uniquecounter 2011/01/30 v1.2 Provides unlimited unique counter (HO)
)
Package hobsub Info: Skipping package `hobsub' (already loaded).
Package: letltxmacro 2010/09/02 v1.4 Let assignment for LaTeX macros (HO)
Package: hopatch 2011/01/30 v1.0 Wrapper for package hooks (HO)
Package: xcolor-patch 2011/01/30 xcolor patch
Package: atveryend 2011/04/23 v1.7 Hooks at very end of document (HO)
Package atveryend Info: \enddocument detected (standard).
Package: atbegshi 2011/01/30 v1.15 At begin shipout hook (HO)
Package: refcount 2010/12/01 v3.2 Data extraction from references (HO)
Package: hycolor 2011/01/30 v1.7 Color options of hyperref/bookmark (HO)
)
(/usr/local/texlive/2010/texmf-dist/tex/latex/oberdiek/kvoptions.sty
Package: kvoptions 2010/12/23 v3.10 Keyval support for LaTeX options (HO)
)
\@linkdim=\dimen133
\Hy@linkcounter=\count119
\Hy@pagecounter=\count120

(/usr/local/texlive/2010/texmf-dist/tex/latex/hyperref/pd1enc.def
File: pd1enc.def 2011/04/17 v6.82g Hyperref: PDFDocEncoding definition (HO)
)
\Hy@SavedSpaceFactor=\count121

(/usr/local/texlive/2010/texmf-dist/tex/latex/latexconfig/hyperref.cfg
File: hyperref.cfg 2002/06/06 v1.2 hyperref configuration of TeXLive
)
Package hyperref Info: Hyper figures OFF on input line 4026.
Package hyperref Info: Link nesting OFF on input line 4031.
Package hyperref Info: Hyper index ON on input line 4034.
Package hyperref Info: Plain pages OFF on input line 4041.
Package hyperref Info: Backreferencing OFF on input line 4046.
Package hyperref Info: Implicit mode ON; LaTeX internals redefined.
Package hyperref Info: Bookmarks ON on input line 4264.
\c@Hy@tempcnt=\count122
LaTeX Info: Redefining \url on input line 4617.
\Fld@menulength=\count123
\Field@Width=\dimen134
\Fld@charsize=\dimen135
Package hyperref Info: Hyper figures OFF on input line 5701.
Package hyperref Info: Link nesting OFF on input line 5706.
Package hyperref Info: Hyper index ON on input line 5709.
Package hyperref Info: backreferencing OFF on input line 5716.
Package hyperref Info: Link coloring OFF on input line 5721.
Package hyperref Info: Link coloring with OCG OFF on input line 5726.
Package hyperref Info: PDF/A mode OFF on input line 5731.
LaTeX Info: Redefining \ref on input line 5771.
LaTeX Info: Redefining \pageref on input line 5775.
\Hy@abspage=\count124
\c@Item=\count125
\c@Hfootnote=\count126
)

Package hyperref Message: Driver (autodetected): hpdftex.

(/usr/local/texlive/2010/texmf-dist/tex/latex/hyperref/hpdftex.def
File: hpdftex.def 2011/04/17 v6.82g Hyperref driver for pdfTeX
\Fld@listcount=\count127
\c@bookmark@seq@number=\count128

(/usr/local/texlive/2010/texmf-dist/tex/latex/oberdiek/rerunfilecheck.sty
Package: rerunfilecheck 2011/04/15 v1.7 Rerun checks for auxiliary files (HO)
Package uniquecounter Info: New unique counter `rerunfilecheck' on input line 2
82.
)
\Hy@SectionHShift=\skip62
)
(/usr/local/texlive/2010/texmf-dist/tex/latex/psnfss/courier.sty
Package: courier 2005/04/12 PSNFSS-v9.2a (WaS) 
)
(/usr/local/texlive/2010/texmf-dist/tex/latex/caption/caption.sty
Package: caption 2010/01/09 v3.1m Customizing captions (AR)

(/usr/local/texlive/2010/texmf-dist/tex/latex/caption/caption3.sty
Package: caption3 2010/01/14 v3.1m caption3 kernel (AR)
\captionmargin=\dimen136
\captionmargin@=\dimen137
\captionwidth=\dimen138
\caption@indent=\dimen139
\caption@parindent=\dimen140
\caption@hangindent=\dimen141
Package caption Info: The definition of \@makecaption has been changed,
(caption)             frenchb will NOT customize it on input line 1023.
Package caption Info: Unknown document class (or package),
(caption)             standard defaults will be used on input line 1084.
)

Package caption Warning: Unsupported document class (or package) detected,
(caption)                usage of the caption package is not recommended.
See the caption package documentation for explanation.

Package caption Info: \@makecaption = \long macro:#1#2->\let \@conttempa \relax
 \ifdim \prevdepth >-99\p@ \vskip \abovecaptionskip \else \def \@conttempa {\vb
ox to\topskip {}}\fi \let \@contfnote \footnote \renewcommand {\footnote }[2][]
{} \let \@contfmark \footnotemark \renewcommand {\footnotemark }[1][]{} \let \@
contlabel \label \renewcommand {\label }[1]{} \sbox \@tempboxa {\@contnfont #1\
@contdelim \@conttfont #2} \let \footnote \@contfnote \let \footnotemark \@cont
fmark \let \label \@contlabel \ifdim \wd \@tempboxa <\linewidth \centering \fi 
\if@contcw \centering \parbox {\@contcwidth }{\fi \if@conthang \sbox \@tempboxa
 {\@contnfont #1\@contdelim } \@contpre {\@contnfont #1\@contdelim }\@conttempa
 {\@contcstyle \hangindent =\wd \@tempboxa \hangafter =\@ne \@conttfont #2\par 
} \else \if@contindent \@contpre {\@contnfont #1\@contdelim }\@conttempa {\@con
tcstyle \hangindent =\@contindw \hangafter =\@ne \@conttfont #2\par } \else \@c
ontpre {\@contnfont #1\@contdelim }\@conttempa {\@contcstyle \@conttfont #2\par
 } \fi \fi \@contpost \if@contcw \par } \fi \vskip \belowcaptionskip .
\c@ContinuedFloat=\count129
Package caption Info: float package is loaded.
Package caption Info: hyperref package is loaded.
Package caption Info: listings package is loaded.
Package caption Info: wrapfig package is loaded.
) (/usr/local/texlive/2010/texmf-dist/tex/latex/appendix/appendix.sty
Package: appendix 2009/09/02 v1.2b extra appendix facilities
\c@@pps=\count130
\c@@ppsavesec=\count131
\c@@ppsaveapp=\count132
)
(/usr/local/texlive/2010/texmf-dist/tex/latex/breakurl/breakurl.sty
Package: breakurl 2009/01/24 v1.30 Breakable hyperref URLs

(/usr/local/texlive/2010/texmf-dist/tex/latex/xkeyval/xkeyval.sty
Package: xkeyval 2008/08/13 v2.6a package option processing (HA)

(/usr/local/texlive/2010/texmf-dist/tex/generic/xkeyval/xkeyval.tex
\XKV@toks=\toks32
\XKV@tempa@toks=\toks33
\XKV@depth=\count133
File: xkeyval.tex 2008/08/13 v2.6a key=value parser (HA)
))

Package breakurl Warning: You are using breakurl while processing via pdflatex.

(breakurl)                \burl will be just a synonym of \url.
(breakurl)                 on input line 47.

) (/usr/local/texlive/2010/texmf-dist/tex/latex/oberdiek/bookmark.sty
Package: bookmark 2011/04/21 v1.21 PDF bookmarks (HO)

(/usr/local/texlive/2010/texmf-dist/tex/latex/oberdiek/auxhook.sty
Package: auxhook 2011/03/04 v1.3 Hooks for auxiliary files (HO)
)
(/usr/local/texlive/2010/texmf-dist/tex/latex/oberdiek/bkm-pdftex.def
File: bkm-pdftex.def 2011/04/21 v1.21 bookmark driver for pdfTeX (HO)
\BKM@id=\count134
))
(/usr/local/texlive/2010/texmf-dist/tex/latex/tools/tabularx.sty
Package: tabularx 1999/01/07 v2.07 `tabularx' package (DPC)
\TX@col@width=\dimen142
\TX@old@table=\dimen143
\TX@old@col=\dimen144
\TX@target=\dimen145
\TX@delta=\dimen146
\TX@cols=\count135
\TX@ftn=\toks34
)
(/usr/local/texlive/2010/texmf-dist/tex/latex/subfigure/subfigure.sty
Package: subfigure 2002/03/15 v2.1.5 subfigure package
\subfigtopskip=\skip63
\subfigcapskip=\skip64
\subfigcaptopadj=\dimen147
\subfigbottomskip=\skip65
\subfigcapmargin=\dimen148
\subfiglabelskip=\skip66
\c@subfigure=\count136
\c@lofdepth=\count137
\c@subtable=\count138
\c@lotdepth=\count139

****************************************
* Local config file subfigure.cfg used *
****************************************
(/usr/local/texlive/2010/texmf-dist/tex/latex/subfigure/subfigure.cfg)
\subfig@top=\skip67
\subfig@bottom=\skip68
)
(/usr/local/texlive/2010/texmf-dist/tex/latex/glossaries/base/glossaries.sty
Package: glossaries 2011/04/12 v3.01 (NLCT)

(/usr/local/texlive/2010/texmf-dist/tex/latex/base/ifthen.sty
Package: ifthen 2001/05/26 v1.1c Standard LaTeX ifthen package (DPC)
)
(/usr/local/texlive/2010/texmf-dist/tex/latex/glossaries/base/mfirstuc.sty
Package: mfirstuc 2011/04/02 v1.05 (NLCT)
\@glsmfirst=\toks35
\@glsmrest=\toks36
)
(/usr/local/texlive/2010/texmf-dist/tex/latex/xfor/xfor.sty
Package: xfor 2009/02/05 v1.05 (NLCT)
)
(/usr/local/texlive/2010/texmf-dist/tex/latex/etoolbox/etoolbox.sty
Package: etoolbox 2011/01/03 v2.1 e-TeX tools for LaTeX

(/usr/local/texlive/2010/texmf-dist/tex/latex/etex-pkg/etex.sty
Package: etex 1998/03/26 v2.0 eTeX basic definition package (PEB)
\et@xins=\count140
)
\etb@tempcnta=\count141
)
(/usr/local/texlive/2010/texmf-dist/tex/latex/beamer/translator/translator.sty
Package: translator 2010/06/12 ver 1.10

(/usr/local/texlive/2010/texmf-dist/tex/latex/beamer/translator/translator-lang
uage-mappings.tex))
\gls@level=\count142
\@gls@tmpb=\toks37
\gls@tmplen=\skip69
\glswrite=\write3
\glskeylisttok=\toks38
\glslabeltok=\toks39
\glsshorttok=\toks40
\glslongtok=\toks41

(/usr/local/texlive/2010/texmf-dist/tex/latex/glossaries/styles/glossary-hypern
av.sty
Package: glossary-hypernav 2007/07/04 v1.01 (NLCT)
)
(/usr/local/texlive/2010/texmf-dist/tex/latex/glossaries/styles/glossary-list.s
ty
Package: glossary-list 2011/03/28 v3.0 (NLCT)
\glslistdottedwidth=\skip70
)
(/usr/local/texlive/2010/texmf-dist/tex/latex/glossaries/styles/glossary-long.s
ty
Package: glossary-long 2011/03/28 v3.0 (NLCT)
 (/usr/local/texlive/2010/texmf-dist/tex/latex/tools/longtable.sty
Package: longtable 2004/02/01 v4.11 Multi-page Table package (DPC)
\LTleft=\skip71
\LTright=\skip72
\LTpre=\skip73
\LTpost=\skip74
\LTchunksize=\count143
\LTcapwidth=\dimen149
\LT@head=\box33
\LT@firsthead=\box34
\LT@foot=\box35
\LT@lastfoot=\box36
\LT@cols=\count144
\LT@rows=\count145
\c@LT@tables=\count146
\c@LT@chunks=\count147
\LT@p@ftn=\toks42
)
\glsdescwidth=\skip75
\glspagelistwidth=\skip76
)
(/usr/local/texlive/2010/texmf-dist/tex/latex/glossaries/styles/glossary-super.
sty
Package: glossary-super 2011/03/28 v3.0 (NLCT)
 (/usr/local/texlive/2010/texmf-dist/tex/latex/supertabular/supertabular.sty
Package: supertabular 2004/02/20 v4.1e the supertabular environment
\c@tracingst=\count148
\ST@wd=\dimen150
\ST@rightskip=\skip77
\ST@leftskip=\skip78
\ST@parfillskip=\skip79
\ST@pageleft=\dimen151
\ST@headht=\dimen152
\ST@tailht=\dimen153
\ST@pagesofar=\dimen154
\ST@pboxht=\dimen155
\ST@lineht=\dimen156
\ST@stretchht=\dimen157
\ST@prevht=\dimen158
\ST@toadd=\dimen159
\ST@dimen=\dimen160
\ST@pbox=\box37
))
(/usr/local/texlive/2010/texmf-dist/tex/latex/glossaries/styles/glossary-tree.s
ty
Package: glossary-tree 2011/03/28 v3.0 (NLCT)
\glstreeindent=\skip80
)) (/usr/local/texlive/2010/texmf-dist/tex/latex/setspace/setspace.sty
Package: setspace 2000/12/01 6.7 Contributed and Supported LaTeX2e package

Package: `setspace' 6.7 <2000/12/01>
) (/usr/local/texlive/2010/texmf-dist/tex/latex/tools/enumerate.sty
Package: enumerate 1999/03/05 v3.00 enumerate extensions (DPC)
\@enLab=\toks43
)
(/usr/local/texlive/2010/texmf-dist/tex/latex/oberdiek/pdflscape.sty
Package: pdflscape 2008/08/11 v0.10 Landscape pages in PDF (HO)

(/usr/local/texlive/2010/texmf-dist/tex/latex/graphics/lscape.sty
Package: lscape 2000/10/22 v3.01 Landscape Pages (DPC)
)
Package pdflscape Info: Auto-detected driver: pdftex on input line 80.
)
(/usr/local/texlive/2010/texmf-dist/tex/latex/wasysym/wasysym.sty
Package: wasysym 2003/10/30 v2.0 Wasy-2 symbol support package
\symwasy=\mathgroup4
LaTeX Font Info:    Overwriting symbol font `wasy' in version `bold'
(Font)                  U/wasy/m/n --> U/wasy/b/n on input line 90.
)
(/usr/local/texlive/2010/texmf-dist/tex/latex/amsfonts/amssymb.sty
Package: amssymb 2009/06/22 v3.00

(/usr/local/texlive/2010/texmf-dist/tex/latex/amsfonts/amsfonts.sty
Package: amsfonts 2009/06/22 v3.00 Basic AMSFonts support
\symAMSa=\mathgroup5
\symAMSb=\mathgroup6
LaTeX Font Info:    Overwriting math alphabet `\mathfrak' in version `bold'
(Font)                  U/euf/m/n --> U/euf/b/n on input line 96.
))
(/usr/local/texlive/2010/texmf-dist/tex/generic/ulem/ulem.sty
\UL@box=\box38
\UL@hyphenbox=\box39
\UL@skip=\skip81
\UL@hook=\toks44
\UL@height=\dimen161
\UL@pe=\count149
\UL@pixel=\dimen162
\ULC@box=\box40
Package: ulem 2011/03/18
\ULdepth=\dimen163
)
(/usr/local/texlive/2010/texmf-dist/tex/latex/fancyvrb/fancyvrb.sty
Package: fancyvrb 2008/02/07

Style option: `fancyvrb' v2.7a, with DG/SPQR fixes, and firstline=lastline fix 
<2008/02/07> (tvz)
\FV@CodeLineNo=\count150
\FV@InFile=\read1
\FV@TabBox=\box41
\c@FancyVerbLine=\count151
\FV@StepNumber=\count152
\FV@OutFile=\write4
)
\glo@main@file=\write5
\openout5 = `Main.glo'.

Package glossaries Info: Writing glossary file Main.glo on input line 51.
Package hyperref Info: Option `colorlinks' set `true' on input line 63.


Package Fancyhdr Warning: \fancyheadoffset's `E' option without twoside option 
is useless on input line 77.


Package Fancyhdr Warning: \fancyhead's `E' option without twoside option is use
less on input line 81.


Package Fancyhdr Warning: \fancyhead's `E' option without twoside option is use
less on input line 82.


Package Fancyhdr Warning: \fancyhfoffset's `E' option without twoside option is
 useless on input line 93.

(/usr/local/texlive/2010/texmf-dist/tex/latex/listings/lstlang1.sty
File: lstlang1.sty 2004/09/05 1.3 listings language file
))
(../comon/preamble/macros.tex) (../comon/glossary.tex) (./Main.aux

LaTeX Warning: Label `SampleCode' multiply defined.


LaTeX Warning: Label `searchTBV' multiply defined.


LaTeX Warning: Label `searchTBV' multiply defined.


LaTeX Warning: Label `searchTBV' multiply defined.


LaTeX Warning: Label `searchTBV' multiply defined.

)
\openout1 = `Main.aux'.

LaTeX Font Info:    Checking defaults for OML/cmm/m/it on input line 21.
LaTeX Font Info:    ... okay on input line 21.
LaTeX Font Info:    Checking defaults for T1/cmr/m/n on input line 21.
LaTeX Font Info:    ... okay on input line 21.
LaTeX Font Info:    Checking defaults for OT1/cmr/m/n on input line 21.
LaTeX Font Info:    ... okay on input line 21.
LaTeX Font Info:    Checking defaults for OMS/cmsy/m/n on input line 21.
LaTeX Font Info:    ... okay on input line 21.
LaTeX Font Info:    Checking defaults for OMX/cmex/m/n on input line 21.
LaTeX Font Info:    ... okay on input line 21.
LaTeX Font Info:    Checking defaults for U/cmr/m/n on input line 21.
LaTeX Font Info:    ... okay on input line 21.
LaTeX Font Info:    Checking defaults for TS1/cmr/m/n on input line 21.
LaTeX Font Info:    Try loading font information for TS1+cmr on input line 21.
 (/usr/local/texlive/2010/texmf-dist/tex/latex/base/ts1cmr.fd
File: ts1cmr.fd 1999/05/25 v2.5h Standard LaTeX font definitions
)
LaTeX Font Info:    ... okay on input line 21.
LaTeX Font Info:    Checking defaults for PD1/pdf/m/n on input line 21.
LaTeX Font Info:    ... okay on input line 21.

(/usr/local/texlive/2010/texmf-dist/tex/context/base/supp-pdf.mkii
[Loading MPS to PDF converter (version 2006.09.02).]
\scratchcounter=\count153
\scratchdimen=\dimen164
\scratchbox=\box42
\nofMPsegments=\count154
\nofMParguments=\count155
\everyMPshowfont=\toks45
\MPscratchCnt=\count156
\MPscratchDim=\dimen165
\MPnumerator=\count157
\everyMPtoPDFconversion=\toks46
) (/usr/local/texlive/2010/texmf-dist/tex/latex/oberdiek/epstopdf-base.sty
Package: epstopdf-base 2010/02/09 v2.5 Base part for package epstopdf

(/usr/local/texlive/2010/texmf-dist/tex/latex/oberdiek/grfext.sty
Package: grfext 2010/08/19 v1.1 Managing graphics extensions (HO)
)
Package grfext Info: Graphics extension search list:
(grfext)             [.png,.pdf,.jpg,.mps,.jpeg,.jbig2,.jb2,.PNG,.PDF,.JPG,.JPE
G,.JBIG2,.JB2,.eps]
(grfext)             \AppendGraphicsExtensions on input line 452.

(/usr/local/texlive/2010/texmf-dist/tex/latex/latexconfig/epstopdf-sys.cfg
File: epstopdf-sys.cfg 2010/07/13 v1.3 Configuration of (r)epstopdf for TeX Liv
e
))
*geometry* driver: auto-detecting
*geometry* detected driver: pdftex
*geometry* verbose mode - [ preamble ] result:
* driver: pdftex
* paper: a4paper
* layout: <same size as paper>
* layoutoffset:(h,v)=(0.0pt,0.0pt)
* modes: 
* h-part:(L,W,R)=(71.13188pt, 455.24411pt, 71.13188pt)
* v-part:(T,H,B)=(71.13188pt, 702.78308pt, 71.13188pt)
* \paperwidth=597.50787pt
* \paperheight=845.04684pt
* \textwidth=455.24411pt
* \textheight=702.78308pt
* \oddsidemargin=-1.1381pt
* \evensidemargin=-19.91684pt
* \topmargin=-38.1381pt
* \headheight=12.0pt
* \headsep=25.0pt
* \topskip=12.0pt
* \footskip=30.0pt
* \marginparwidth=35.0pt
* \marginparsep=10.0pt
* \columnsep=10.0pt
* \skip\footins=10.8pt plus 4.0pt minus 2.0pt
* \hoffset=0.0pt
* \voffset=0.0pt
* \mag=1000
* \@twocolumnfalse
* \@twosidefalse
* \@mparswitchfalse
* \@reversemarginfalse
* (1in=72.27pt=25.4mm, 1cm=28.453pt)

(/usr/local/texlive/2010/texmf-dist/tex/latex/ucs/ucsencs.def
File: ucsencs.def 2003/11/29 Fixes to fontencodings LGR, T3
)
LaTeX Info: Redefining \degres on input line 21.


Package frenchb.ldf Warning: The definition of \@makecaption has been changed,
(frenchb.ldf)                frenchb will NOT customise it;
(frenchb.ldf)                reported on input line 21.

LaTeX Info: Redefining \dots on input line 21.
LaTeX Info: Redefining \up on input line 21.

Package frenchb.ldf Warning: OT1 encoding should not be used for French. 
(frenchb.ldf)                Add \usepackage[T1]{fontenc} to the preamble
(frenchb.ldf)                of your document, on input line 21.

\c@lstlisting=\count158
\AtBeginShipoutBox=\box43
Package hyperref Info: Link coloring ON on input line 21.
(/usr/local/texlive/2010/texmf-dist/tex/latex/hyperref/nameref.sty
Package: nameref 2010/04/30 v2.40 Cross-referencing by name of section

(/usr/local/texlive/2010/texmf-dist/tex/generic/oberdiek/gettitlestring.sty
Package: gettitlestring 2010/12/03 v1.4 Cleanup title references (HO)
)
\c@section@level=\count159
)
LaTeX Info: Redefining \ref on input line 21.
LaTeX Info: Redefining \pageref on input line 21.
LaTeX Info: Redefining \nameref on input line 21.
Package caption Info: Begin \AtBeginDocument code.
Package caption Info: longtable package is loaded.

(/usr/local/texlive/2010/texmf-dist/tex/latex/caption/ltcaption.sty
Package: ltcaption 2008/03/28 v1.2 longtable captions (AR)
)
Package caption Info: subfigure package is loaded.
Package caption Info: supertabular package is loaded.
Package caption Info: End \AtBeginDocument code.

(/usr/local/texlive/2010/texmf-dist/tex/latex/glossaries/dict/glossaries-dictio
nary-English.dict
Dictionary: glossaries-dictionary, Language: English 
) (./title.tex
Package epstopdf Info: Source file: <../comon/logos/EIA_couleur.eps>
(epstopdf)                    date: 2011-06-02 14:17:07
(epstopdf)                    size: 480910 bytes
(epstopdf)             Output file: <../comon/logos/EIA_couleur-eps-converted-t
o.pdf>
(epstopdf)                    date: 2011-06-02 14:17:07
(epstopdf)                    size: 35963 bytes
(epstopdf)             Command: <repstopdf --outfile=../comon/logos/EIA_couleur
-eps-converted-to.pdf ../comon/logos/EIA_couleur.eps>
(epstopdf)             \includegraphics on input line 6.
Package epstopdf Info: Output file is already uptodate.

<../comon/logos/EIA_couleur-eps-converted-to.pdf, id=4, 423.5825pt x 57.21375pt
>
File: ../comon/logos/EIA_couleur-eps-converted-to.pdf Graphic file (type pdf)
 <use ../comon/logos/EIA_couleur-eps-converted-to.pdf>
Package pdftex.def Info: ../comon/logos/EIA_couleur-eps-converted-to.pdf used o
n input line 6.
(pdftex.def)             Requested size: 455.24411pt x 61.4922pt.

<../comon/logos/esib_nom.jpg, id=5, 2253.41875pt x 474.77374pt>
File: ../comon/logos/esib_nom.jpg Graphic file (type jpg)

<use ../comon/logos/esib_nom.jpg>
Package pdftex.def Info: ../comon/logos/esib_nom.jpg used on input line 8.
(pdftex.def)             Requested size: 455.24411pt x 95.90933pt.
LaTeX Font Info:    Try loading font information for U+wasy on input line 11.

(/usr/local/texlive/2010/texmf-dist/tex/latex/wasysym/uwasy.fd
File: uwasy.fd 2003/10/30 v2.0 Wasy-2 symbol font definitions
)
LaTeX Font Info:    Try loading font information for U+msa on input line 11.

(/usr/local/texlive/2010/texmf-dist/tex/latex/amsfonts/umsa.fd
File: umsa.fd 2009/06/22 v3.00 AMS symbols A
)
LaTeX Font Info:    Try loading font information for U+msb on input line 11.

(/usr/local/texlive/2010/texmf-dist/tex/latex/amsfonts/umsb.fd
File: umsb.fd 2009/06/22 v3.00 AMS symbols B
)
(/usr/local/texlive/2010/texmf-dist/tex/latex/ucs/data/uni-0.def
File: uni-0.def 2004/10/17 UCS: Unicode data U+0000..U+00FF
)
Underfull \hbox (badness 10000) in paragraph at lines 20--31

 []


Overfull \vbox (21.68121pt too high) has occurred while \output is active []


[1

\openout3 = `Main.xdy'.



{/usr/local/texlive/2010/texmf-var/fonts/map/pdftex/updmap/pdftex.map} <../como
n/logos/EIA_couleur-eps-converted-to.pdf> <../comon/logos/esib_nom.jpg>])
(./header.tex) (../comon/tableofcontents.tex (./Main.toc)
\tf@toc=\write6
\openout6 = `Main.toc'.

 (./history.tex)pdfTeX warning (ext4): destination with the same identifier (na
me{page.1}) has been already used, duplicate ignored
<to be read again> 
                   \relax 
l.14 \newpage
              [1]) (./SDD.tex
<../comon/figures/GlobalArchitect.pdf, id=62, 785.05894pt x 466.21027pt>
File: ../comon/figures/GlobalArchitect.pdf Graphic file (type pdf)

<use ../comon/figures/GlobalArchitect.pdf>
Package pdftex.def Info: ../comon/figures/GlobalArchitect.pdf used on input lin
e 8.
(pdftex.def)             Requested size: 455.24411pt x 270.35234pt.
LaTeX Font Info:    Try loading font information for OT1+pcr on input line 13.

(/usr/local/texlive/2010/texmf-dist/tex/latex/psnfss/ot1pcr.fd
File: ot1pcr.fd 2001/06/04 font definitions for OT1/pcr.
)
Underfull \hbox (badness 10000) in paragraph at lines 13--13
[][][]\OT1/cmr/m/n/10 .[][][]$\OT1/pcr/m/n/10 http : / / java . sun . com / blu
eprints / corej2eepatterns / Patterns /
 []

Package epstopdf Info: Source file: <../comon/logos/EIA_ABR_Couleur.eps>
(epstopdf)                    date: 2011-06-02 14:17:07
(epstopdf)                    size: 351678 bytes
(epstopdf)             Output file: <../comon/logos/EIA_ABR_Couleur-eps-convert
ed-to.pdf>
(epstopdf)                    date: 2011-06-02 14:17:07
(epstopdf)                    size: 5586 bytes
(epstopdf)             Command: <repstopdf --outfile=../comon/logos/EIA_ABR_Cou
leur-eps-converted-to.pdf ../comon/logos/EIA_ABR_Couleur.eps>
(epstopdf)             \includegraphics on input line 15.
Package epstopdf Info: Output file is already uptodate.

<../comon/logos/EIA_ABR_Couleur-eps-converted-to.pdf, id=68, 231.86626pt x 88.3
3pt>
File: ../comon/logos/EIA_ABR_Couleur-eps-converted-to.pdf Graphic file (type pd
f)
 <use ../comon/logos/EIA_ABR_Couleur-eps-converted-to.pdf>
Package pdftex.def Info: ../comon/logos/EIA_ABR_Couleur-eps-converted-to.pdf us
ed on input line 15.
(pdftex.def)             Requested size: 91.8745pt x 35.0pt.


Package Fancyhdr Warning: \headheight is too small (35.60004pt): 
 Make it at least 41.68335pt.
 We now make it that large for the rest of the document.
 This may cause the page layout to be inconsistent, however.

[2 <../comon/logos/EIA_ABR_Couleur-eps-converted-to.pdf> <../comon/figures/Glob
alArchitect.pdf>]
<../comon/figures/ComposantSystem.pdf, id=99, 780.49466pt x 532.06647pt>
File: ../comon/figures/ComposantSystem.pdf Graphic file (type pdf)

<use ../comon/figures/ComposantSystem.pdf>
Package pdftex.def Info: ../comon/figures/ComposantSystem.pdf used on input lin
e 28.
(pdftex.def)             Requested size: 455.24411pt x 310.34427pt.
Package epstopdf Info: Source file: <../comon/logos/EIA_ABR_Couleur.eps>
(epstopdf)                    date: 2011-06-02 14:17:07
(epstopdf)                    size: 351678 bytes
(epstopdf)             Output file: <../comon/logos/EIA_ABR_Couleur-eps-convert
ed-to.pdf>
(epstopdf)                    date: 2011-06-02 14:17:07
(epstopdf)                    size: 5586 bytes
(epstopdf)             Command: <repstopdf --outfile=../comon/logos/EIA_ABR_Cou
leur-eps-converted-to.pdf ../comon/logos/EIA_ABR_Couleur.eps>
(epstopdf)             \includegraphics on input line 29.
Package epstopdf Info: Output file is already uptodate.
File: ../comon/logos/EIA_ABR_Couleur-eps-converted-to.pdf Graphic file (type pd
f)

<use ../comon/logos/EIA_ABR_Couleur-eps-converted-to.pdf>
Package pdftex.def Info: ../comon/logos/EIA_ABR_Couleur-eps-converted-to.pdf us
ed on input line 29.
(pdftex.def)             Requested size: 91.8745pt x 35.0pt.
 [3]
Package epstopdf Info: Source file: <../comon/logos/EIA_ABR_Couleur.eps>
(epstopdf)                    date: 2011-06-02 14:17:07
(epstopdf)                    size: 351678 bytes
(epstopdf)             Output file: <../comon/logos/EIA_ABR_Couleur-eps-convert
ed-to.pdf>
(epstopdf)                    date: 2011-06-02 14:17:07
(epstopdf)                    size: 5586 bytes
(epstopdf)             Command: <repstopdf --outfile=../comon/logos/EIA_ABR_Cou
leur-eps-converted-to.pdf ../comon/logos/EIA_ABR_Couleur.eps>
(epstopdf)             \includegraphics on input line 39.
Package epstopdf Info: Output file is already uptodate.
File: ../comon/logos/EIA_ABR_Couleur-eps-converted-to.pdf Graphic file (type pd
f)

<use ../comon/logos/EIA_ABR_Couleur-eps-converted-to.pdf>
Package pdftex.def Info: ../comon/logos/EIA_ABR_Couleur-eps-converted-to.pdf us
ed on input line 39.
(pdftex.def)             Requested size: 91.8745pt x 35.0pt.
 [4 <../comon/figures/ComposantSystem.pdf>]
<../comon/figures/seqNavig.pdf, id=136, 522.53311pt x 382.16737pt>
File: ../comon/figures/seqNavig.pdf Graphic file (type pdf)

<use ../comon/figures/seqNavig.pdf>
Package pdftex.def Info: ../comon/figures/seqNavig.pdf used on input line 62.
(pdftex.def)             Requested size: 455.24411pt x 332.94943pt.
Package epstopdf Info: Source file: <../comon/logos/EIA_ABR_Couleur.eps>
(epstopdf)                    date: 2011-06-02 14:17:07
(epstopdf)                    size: 351678 bytes
(epstopdf)             Output file: <../comon/logos/EIA_ABR_Couleur-eps-convert
ed-to.pdf>
(epstopdf)                    date: 2011-06-02 14:17:07
(epstopdf)                    size: 5586 bytes
(epstopdf)             Command: <repstopdf --outfile=../comon/logos/EIA_ABR_Cou
leur-eps-converted-to.pdf ../comon/logos/EIA_ABR_Couleur.eps>
(epstopdf)             \includegraphics on input line 63.
Package epstopdf Info: Output file is already uptodate.
File: ../comon/logos/EIA_ABR_Couleur-eps-converted-to.pdf Graphic file (type pd
f)

<use ../comon/logos/EIA_ABR_Couleur-eps-converted-to.pdf>
Package pdftex.def Info: ../comon/logos/EIA_ABR_Couleur-eps-converted-to.pdf us
ed on input line 63.
(pdftex.def)             Requested size: 91.8745pt x 35.0pt.
 [5]
<../comon/figures/ClasMainViewIPhone.pdf, id=148, 540.07883pt x 465.50943pt>
File: ../comon/figures/ClasMainViewIPhone.pdf Graphic file (type pdf)

<use ../comon/figures/ClasMainViewIPhone.pdf>
Package pdftex.def Info: ../comon/figures/ClasMainViewIPhone.pdf used on input 
line 65.
(pdftex.def)             Requested size: 378.0526pt x 325.85437pt.
Package epstopdf Info: Source file: <../comon/logos/EIA_ABR_Couleur.eps>
(epstopdf)                    date: 2011-06-02 14:17:07
(epstopdf)                    size: 351678 bytes
(epstopdf)             Output file: <../comon/logos/EIA_ABR_Couleur-eps-convert
ed-to.pdf>
(epstopdf)                    date: 2011-06-02 14:17:07
(epstopdf)                    size: 5586 bytes
(epstopdf)             Command: <repstopdf --outfile=../comon/logos/EIA_ABR_Cou
leur-eps-converted-to.pdf ../comon/logos/EIA_ABR_Couleur.eps>
(epstopdf)             \includegraphics on input line 66.
Package epstopdf Info: Output file is already uptodate.
File: ../comon/logos/EIA_ABR_Couleur-eps-converted-to.pdf Graphic file (type pd
f)

<use ../comon/logos/EIA_ABR_Couleur-eps-converted-to.pdf>
Package pdftex.def Info: ../comon/logos/EIA_ABR_Couleur-eps-converted-to.pdf us
ed on input line 66.
(pdftex.def)             Requested size: 91.8745pt x 35.0pt.
 [6 <../comon/figures/seqNavig.pdf>]
<../comon/figures/menuPlist.pdf, id=167, 505.89pt x 376.40625pt>
File: ../comon/figures/menuPlist.pdf Graphic file (type pdf)

<use ../comon/figures/menuPlist.pdf>
Package pdftex.def Info: ../comon/figures/menuPlist.pdf used on input line 68.
(pdftex.def)             Requested size: 303.53633pt x 225.84547pt.
Package epstopdf Info: Source file: <../comon/logos/EIA_ABR_Couleur.eps>
(epstopdf)                    date: 2011-06-02 14:17:07
(epstopdf)                    size: 351678 bytes
(epstopdf)             Output file: <../comon/logos/EIA_ABR_Couleur-eps-convert
ed-to.pdf>
(epstopdf)                    date: 2011-06-02 14:17:07
(epstopdf)                    size: 5586 bytes
(epstopdf)             Command: <repstopdf --outfile=../comon/logos/EIA_ABR_Cou
leur-eps-converted-to.pdf ../comon/logos/EIA_ABR_Couleur.eps>
(epstopdf)             \includegraphics on input line 69.
Package epstopdf Info: Output file is already uptodate.
File: ../comon/logos/EIA_ABR_Couleur-eps-converted-to.pdf Graphic file (type pd
f)

<use ../comon/logos/EIA_ABR_Couleur-eps-converted-to.pdf>
Package pdftex.def Info: ../comon/logos/EIA_ABR_Couleur-eps-converted-to.pdf us
ed on input line 69.
(pdftex.def)             Requested size: 91.8745pt x 35.0pt.
 [7 <../comon/figures/ClasMainViewIPhone.pdf>]
(/usr/local/texlive/2010/texmf-dist/tex/latex/listings/lstlang1.sty
File: lstlang1.sty 2004/09/05 1.3 listings language file
)
(/usr/local/texlive/2010/texmf-dist/tex/latex/listings/lstmisc.sty
File: lstmisc.sty 2007/02/22 1.4 (Carsten Heinz)
)
(/usr/local/texlive/2010/texmf-dist/tex/latex/listings/lstlang1.sty
File: lstlang1.sty 2004/09/05 1.3 listings language file
)
(/usr/local/texlive/2010/texmf-dist/tex/latex/listings/lstmisc.sty
File: lstmisc.sty 2007/02/22 1.4 (Carsten Heinz)
)
LaTeX Font Info:    Try loading font information for OMS+cmr on input line 80.

(/usr/local/texlive/2010/texmf-dist/tex/latex/base/omscmr.fd
File: omscmr.fd 1999/05/25 v2.5h Standard LaTeX font definitions
)
LaTeX Font Info:    Font shape `OMS/cmr/m/n' in size <10> not available
(Font)              Font shape `OMS/cmsy/m/n' tried instead on input line 80.
Package epstopdf Info: Source file: <../comon/logos/EIA_ABR_Couleur.eps>
(epstopdf)                    date: 2011-06-02 14:17:07
(epstopdf)                    size: 351678 bytes
(epstopdf)             Output file: <../comon/logos/EIA_ABR_Couleur-eps-convert
ed-to.pdf>
(epstopdf)                    date: 2011-06-02 14:17:07
(epstopdf)                    size: 5586 bytes
(epstopdf)             Command: <repstopdf --outfile=../comon/logos/EIA_ABR_Cou
leur-eps-converted-to.pdf ../comon/logos/EIA_ABR_Couleur.eps>
(epstopdf)             \includegraphics on input line 114.
Package epstopdf Info: Output file is already uptodate.
File: ../comon/logos/EIA_ABR_Couleur-eps-converted-to.pdf Graphic file (type pd
f)

<use ../comon/logos/EIA_ABR_Couleur-eps-converted-to.pdf>
Package pdftex.def Info: ../comon/logos/EIA_ABR_Couleur-eps-converted-to.pdf us
ed on input line 114.
(pdftex.def)             Requested size: 91.8745pt x 35.0pt.
 [8 <../comon/figures/menuPlist.pdf>]
<../comon/figures/seqSettings.pdf, id=222, 777.2345pt x 477.29498pt>
File: ../comon/figures/seqSettings.pdf Graphic file (type pdf)

<use ../comon/figures/seqSettings.pdf>
Package pdftex.def Info: ../comon/figures/seqSettings.pdf used on input line 13
6.
(pdftex.def)             Requested size: 455.24411pt x 279.56238pt.

<../comon/figures/ClassSettings.pdf, id=223, 785.71098pt x 666.38719pt>
File: ../comon/figures/ClassSettings.pdf Graphic file (type pdf)

<use ../comon/figures/ClassSettings.pdf>
Package pdftex.def Info: ../comon/figures/ClassSettings.pdf used on input line 
139.
(pdftex.def)             Requested size: 455.24411pt x 386.10829pt.
Package epstopdf Info: Source file: <../comon/logos/EIA_ABR_Couleur.eps>
(epstopdf)                    date: 2011-06-02 14:17:07
(epstopdf)                    size: 351678 bytes
(epstopdf)             Output file: <../comon/logos/EIA_ABR_Couleur-eps-convert
ed-to.pdf>
(epstopdf)                    date: 2011-06-02 14:17:07
(epstopdf)                    size: 5586 bytes
(epstopdf)             Command: <repstopdf --outfile=../comon/logos/EIA_ABR_Cou
leur-eps-converted-to.pdf ../comon/logos/EIA_ABR_Couleur.eps>
(epstopdf)             \includegraphics on input line 140.
Package epstopdf Info: Output file is already uptodate.
File: ../comon/logos/EIA_ABR_Couleur-eps-converted-to.pdf Graphic file (type pd
f)

<use ../comon/logos/EIA_ABR_Couleur-eps-converted-to.pdf>
Package pdftex.def Info: ../comon/logos/EIA_ABR_Couleur-eps-converted-to.pdf us
ed on input line 140.
(pdftex.def)             Requested size: 91.8745pt x 35.0pt.
 [9 <../comon/figures/seqSettings.pdf>]
<../comon/figures/seqCarte.pdf, id=272, 778.49174pt x 440.42163pt>
File: ../comon/figures/seqCarte.pdf Graphic file (type pdf)

<use ../comon/figures/seqCarte.pdf>
Package pdftex.def Info: ../comon/figures/seqCarte.pdf used on input line 149.
(pdftex.def)             Requested size: 455.24411pt x 257.55489pt.

<../comon/figures/seqCarteSearch.pdf, id=273, 778.49168pt x 505.55446pt>
File: ../comon/figures/seqCarteSearch.pdf Graphic file (type pdf)

<use ../comon/figures/seqCarteSearch.pdf>
Package pdftex.def Info: ../comon/figures/seqCarteSearch.pdf used on input line
 150.
(pdftex.def)             Requested size: 455.24411pt x 295.64403pt.
Package epstopdf Info: Source file: <../comon/logos/EIA_ABR_Couleur.eps>
(epstopdf)                    date: 2011-06-02 14:17:07
(epstopdf)                    size: 351678 bytes
(epstopdf)             Output file: <../comon/logos/EIA_ABR_Couleur-eps-convert
ed-to.pdf>
(epstopdf)                    date: 2011-06-02 14:17:07
(epstopdf)                    size: 5586 bytes
(epstopdf)             Command: <repstopdf --outfile=../comon/logos/EIA_ABR_Cou
leur-eps-converted-to.pdf ../comon/logos/EIA_ABR_Couleur.eps>
(epstopdf)             \includegraphics on input line 150.
Package epstopdf Info: Output file is already uptodate.
File: ../comon/logos/EIA_ABR_Couleur-eps-converted-to.pdf Graphic file (type pd
f)

<use ../comon/logos/EIA_ABR_Couleur-eps-converted-to.pdf>
Package pdftex.def Info: ../comon/logos/EIA_ABR_Couleur-eps-converted-to.pdf us
ed on input line 150.
(pdftex.def)             Requested size: 91.8745pt x 35.0pt.
 [10 <../comon/figures/ClassSettings.pdf>]
Package epstopdf Info: Source file: <../comon/logos/EIA_ABR_Couleur.eps>
(epstopdf)                    date: 2011-06-02 14:17:07
(epstopdf)                    size: 351678 bytes
(epstopdf)             Output file: <../comon/logos/EIA_ABR_Couleur-eps-convert
ed-to.pdf>
(epstopdf)                    date: 2011-06-02 14:17:07
(epstopdf)                    size: 5586 bytes
(epstopdf)             Command: <repstopdf --outfile=../comon/logos/EIA_ABR_Cou
leur-eps-converted-to.pdf ../comon/logos/EIA_ABR_Couleur.eps>
(epstopdf)             \includegraphics on input line 152.
Package epstopdf Info: Output file is already uptodate.
File: ../comon/logos/EIA_ABR_Couleur-eps-converted-to.pdf Graphic file (type pd
f)
 <use ../comon/logos/EIA_ABR_Couleur-eps-converted-to.pdf>
Package pdftex.def Info: ../comon/logos/EIA_ABR_Couleur-eps-converted-to.pdf us
ed on input line 152.
(pdftex.def)             Requested size: 91.8745pt x 35.0pt.

[11 <../comon/figures/seqCarte.pdf> <../comon/figures/seqCarteSearch.pdf>]
<../comon/figures/classCarte.pdf, id=345, 753.10896pt x 1083.04245pt>
File: ../comon/figures/classCarte.pdf Graphic file (type pdf)

<use ../comon/figures/classCarte.pdf>
Package pdftex.def Info: ../comon/figures/classCarte.pdf used on input line 153
.
(pdftex.def)             Requested size: 455.24411pt x 654.6891pt.
Package epstopdf Info: Source file: <../comon/logos/EIA_ABR_Couleur.eps>
(epstopdf)                    date: 2011-06-02 14:17:07
(epstopdf)                    size: 351678 bytes
(epstopdf)             Output file: <../comon/logos/EIA_ABR_Couleur-eps-convert
ed-to.pdf>
(epstopdf)                    date: 2011-06-02 14:17:07
(epstopdf)                    size: 5586 bytes
(epstopdf)             Command: <repstopdf --outfile=../comon/logos/EIA_ABR_Cou
leur-eps-converted-to.pdf ../comon/logos/EIA_ABR_Couleur.eps>
(epstopdf)             \includegraphics on input line 154.
Package epstopdf Info: Output file is already uptodate.
File: ../comon/logos/EIA_ABR_Couleur-eps-converted-to.pdf Graphic file (type pd
f)

<use ../comon/logos/EIA_ABR_Couleur-eps-converted-to.pdf>
Package pdftex.def Info: ../comon/logos/EIA_ABR_Couleur-eps-converted-to.pdf us
ed on input line 154.
(pdftex.def)             Requested size: 91.8745pt x 35.0pt.
 [12]
Overfull \vbox (9.48932pt too high) has occurred while \output is active []

Package epstopdf Info: Source file: <../comon/logos/EIA_ABR_Couleur.eps>
(epstopdf)                    date: 2011-06-02 14:17:07
(epstopdf)                    size: 351678 bytes
(epstopdf)             Output file: <../comon/logos/EIA_ABR_Couleur-eps-convert
ed-to.pdf>
(epstopdf)                    date: 2011-06-02 14:17:07
(epstopdf)                    size: 5586 bytes
(epstopdf)             Command: <repstopdf --outfile=../comon/logos/EIA_ABR_Cou
leur-eps-converted-to.pdf ../comon/logos/EIA_ABR_Couleur.eps>
(epstopdf)             \includegraphics on input line 154.
Package epstopdf Info: Output file is already uptodate.
File: ../comon/logos/EIA_ABR_Couleur-eps-converted-to.pdf Graphic file (type pd
f)

<use ../comon/logos/EIA_ABR_Couleur-eps-converted-to.pdf>
Package pdftex.def Info: ../comon/logos/EIA_ABR_Couleur-eps-converted-to.pdf us
ed on input line 154.
(pdftex.def)             Requested size: 91.8745pt x 35.0pt.
 [13 <../comon/figures/classCarte.pdf>]
Overfull \hbox (12.56654pt too wide) in paragraph at lines 156--157
\OT1/pcr/m/n/12 raywenderlich . com / 2847 / introduction-[]to-[]mapkit-[]on-[]
ios-[]tutorial$[][] \OT1/cmr/m/n/12 a ^^Set^^Se
 []

<../comon/figures/seqAsnyc.pdf, id=377, 788.9712pt x 466.21027pt>
File: ../comon/figures/seqAsnyc.pdf Graphic file (type pdf)

<use ../comon/figures/seqAsnyc.pdf>
Package pdftex.def Info: ../comon/figures/seqAsnyc.pdf used on input line 178.
(pdftex.def)             Requested size: 455.24411pt x 269.00783pt.

<../comon/figures/seqNews.pdf, id=378, 776.58234pt x 868.52078pt>
File: ../comon/figures/seqNews.pdf Graphic file (type pdf)

<use ../comon/figures/seqNews.pdf>
Package pdftex.def Info: ../comon/figures/seqNews.pdf used on input line 183.
(pdftex.def)             Requested size: 455.24411pt x 509.14944pt.
Package epstopdf Info: Source file: <../comon/logos/EIA_ABR_Couleur.eps>
(epstopdf)                    date: 2011-06-02 14:17:07
(epstopdf)                    size: 351678 bytes
(epstopdf)             Output file: <../comon/logos/EIA_ABR_Couleur-eps-convert
ed-to.pdf>
(epstopdf)                    date: 2011-06-02 14:17:07
(epstopdf)                    size: 5586 bytes
(epstopdf)             Command: <repstopdf --outfile=../comon/logos/EIA_ABR_Cou
leur-eps-converted-to.pdf ../comon/logos/EIA_ABR_Couleur.eps>
(epstopdf)             \includegraphics on input line 184.
Package epstopdf Info: Output file is already uptodate.
File: ../comon/logos/EIA_ABR_Couleur-eps-converted-to.pdf Graphic file (type pd
f)

<use ../comon/logos/EIA_ABR_Couleur-eps-converted-to.pdf>
Package pdftex.def Info: ../comon/logos/EIA_ABR_Couleur-eps-converted-to.pdf us
ed on input line 184.
(pdftex.def)             Requested size: 91.8745pt x 35.0pt.
 [14 <../comon/figures/seqAsnyc.pdf>]
<../comon/figures/ClassNews.pdf, id=416, 738.76392pt x 1062.82887pt>
File: ../comon/figures/ClassNews.pdf Graphic file (type pdf)

<use ../comon/figures/ClassNews.pdf>
Package pdftex.def Info: ../comon/figures/ClassNews.pdf used on input line 186.

(pdftex.def)             Requested size: 455.24411pt x 654.94139pt.
Package epstopdf Info: Source file: <../comon/logos/EIA_ABR_Couleur.eps>
(epstopdf)                    date: 2011-06-02 14:17:07
(epstopdf)                    size: 351678 bytes
(epstopdf)             Output file: <../comon/logos/EIA_ABR_Couleur-eps-convert
ed-to.pdf>
(epstopdf)                    date: 2011-06-02 14:17:07
(epstopdf)                    size: 5586 bytes
(epstopdf)             Command: <repstopdf --outfile=../comon/logos/EIA_ABR_Cou
leur-eps-converted-to.pdf ../comon/logos/EIA_ABR_Couleur.eps>
(epstopdf)             \includegraphics on input line 187.
Package epstopdf Info: Output file is already uptodate.
File: ../comon/logos/EIA_ABR_Couleur-eps-converted-to.pdf Graphic file (type pd
f)

<use ../comon/logos/EIA_ABR_Couleur-eps-converted-to.pdf>
Package pdftex.def Info: ../comon/logos/EIA_ABR_Couleur-eps-converted-to.pdf us
ed on input line 187.
(pdftex.def)             Requested size: 91.8745pt x 35.0pt.
 [15 <../comon/figures/seqNews.pdf>]
Overfull \vbox (9.74161pt too high) has occurred while \output is active []

Package epstopdf Info: Source file: <../comon/logos/EIA_ABR_Couleur.eps>
(epstopdf)                    date: 2011-06-02 14:17:07
(epstopdf)                    size: 351678 bytes
(epstopdf)             Output file: <../comon/logos/EIA_ABR_Couleur-eps-convert
ed-to.pdf>
(epstopdf)                    date: 2011-06-02 14:17:07
(epstopdf)                    size: 5586 bytes
(epstopdf)             Command: <repstopdf --outfile=../comon/logos/EIA_ABR_Cou
leur-eps-converted-to.pdf ../comon/logos/EIA_ABR_Couleur.eps>
(epstopdf)             \includegraphics on input line 187.
Package epstopdf Info: Output file is already uptodate.
File: ../comon/logos/EIA_ABR_Couleur-eps-converted-to.pdf Graphic file (type pd
f)

<use ../comon/logos/EIA_ABR_Couleur-eps-converted-to.pdf>
Package pdftex.def Info: ../comon/logos/EIA_ABR_Couleur-eps-converted-to.pdf us
ed on input line 187.
(pdftex.def)             Requested size: 91.8745pt x 35.0pt.
 [16 <../comon/figures/ClassNews.pdf>]
<../comon/figures/modifNewsCell.pdf, id=468, 702.625pt x 305.14pt>
File: ../comon/figures/modifNewsCell.pdf Graphic file (type pdf)

<use ../comon/figures/modifNewsCell.pdf>
Package pdftex.def Info: ../comon/figures/modifNewsCell.pdf used on input line 
196.
(pdftex.def)             Requested size: 455.24411pt x 197.71007pt.

<../comon/figures/seqAnnuaire.pdf, id=469, 775.93036pt x 923.29169pt>
File: ../comon/figures/seqAnnuaire.pdf Graphic file (type pdf)

<use ../comon/figures/seqAnnuaire.pdf>
Package pdftex.def Info: ../comon/figures/seqAnnuaire.pdf used on input line 20
2.
(pdftex.def)             Requested size: 455.24411pt x 541.70839pt.
Package epstopdf Info: Source file: <../comon/logos/EIA_ABR_Couleur.eps>
(epstopdf)                    date: 2011-06-02 14:17:07
(epstopdf)                    size: 351678 bytes
(epstopdf)             Output file: <../comon/logos/EIA_ABR_Couleur-eps-convert
ed-to.pdf>
(epstopdf)                    date: 2011-06-02 14:17:07
(epstopdf)                    size: 5586 bytes
(epstopdf)             Command: <repstopdf --outfile=../comon/logos/EIA_ABR_Cou
leur-eps-converted-to.pdf ../comon/logos/EIA_ABR_Couleur.eps>
(epstopdf)             \includegraphics on input line 203.
Package epstopdf Info: Output file is already uptodate.
File: ../comon/logos/EIA_ABR_Couleur-eps-converted-to.pdf Graphic file (type pd
f)

<use ../comon/logos/EIA_ABR_Couleur-eps-converted-to.pdf>
Package pdftex.def Info: ../comon/logos/EIA_ABR_Couleur-eps-converted-to.pdf us
ed on input line 203.
(pdftex.def)             Requested size: 91.8745pt x 35.0pt.
 [17 <../comon/figures/modifNewsCell.pdf>]
<../comon/figures/classDirect.pdf, id=488, 786.36302pt x 841.78664pt>
File: ../comon/figures/classDirect.pdf Graphic file (type pdf)

<use ../comon/figures/classDirect.pdf>
Package pdftex.def Info: ../comon/figures/classDirect.pdf used on input line 20
5.
(pdftex.def)             Requested size: 455.24411pt x 487.33748pt.
Package epstopdf Info: Source file: <../comon/logos/EIA_ABR_Couleur.eps>
(epstopdf)                    date: 2011-06-02 14:17:07
(epstopdf)                    size: 351678 bytes
(epstopdf)             Output file: <../comon/logos/EIA_ABR_Couleur-eps-convert
ed-to.pdf>
(epstopdf)                    date: 2011-06-02 14:17:07
(epstopdf)                    size: 5586 bytes
(epstopdf)             Command: <repstopdf --outfile=../comon/logos/EIA_ABR_Cou
leur-eps-converted-to.pdf ../comon/logos/EIA_ABR_Couleur.eps>
(epstopdf)             \includegraphics on input line 206.
Package epstopdf Info: Output file is already uptodate.
File: ../comon/logos/EIA_ABR_Couleur-eps-converted-to.pdf Graphic file (type pd
f)

<use ../comon/logos/EIA_ABR_Couleur-eps-converted-to.pdf>
Package pdftex.def Info: ../comon/logos/EIA_ABR_Couleur-eps-converted-to.pdf us
ed on input line 206.
(pdftex.def)             Requested size: 91.8745pt x 35.0pt.
 [18 <../comon/figures/seqAnnuaire.pdf>]
Package epstopdf Info: Source file: <../comon/logos/EIA_ABR_Couleur.eps>
(epstopdf)                    date: 2011-06-02 14:17:07
(epstopdf)                    size: 351678 bytes
(epstopdf)             Output file: <../comon/logos/EIA_ABR_Couleur-eps-convert
ed-to.pdf>
(epstopdf)                    date: 2011-06-02 14:17:07
(epstopdf)                    size: 5586 bytes
(epstopdf)             Command: <repstopdf --outfile=../comon/logos/EIA_ABR_Cou
leur-eps-converted-to.pdf ../comon/logos/EIA_ABR_Couleur.eps>
(epstopdf)             \includegraphics on input line 216.
Package epstopdf Info: Output file is already uptodate.
File: ../comon/logos/EIA_ABR_Couleur-eps-converted-to.pdf Graphic file (type pd
f)
 <use ../comon/logos/EIA_ABR_Couleur-eps-converted-to.pdf>
Package pdftex.def Info: ../comon/logos/EIA_ABR_Couleur-eps-converted-to.pdf us
ed on input line 216.
(pdftex.def)             Requested size: 91.8745pt x 35.0pt.

[19 <../comon/figures/classDirect.pdf>]
Package epstopdf Info: Source file: <../comon/logos/EIA_ABR_Couleur.eps>
(epstopdf)                    date: 2011-06-02 14:17:07
(epstopdf)                    size: 351678 bytes
(epstopdf)             Output file: <../comon/logos/EIA_ABR_Couleur-eps-convert
ed-to.pdf>
(epstopdf)                    date: 2011-06-02 14:17:07
(epstopdf)                    size: 5586 bytes
(epstopdf)             Command: <repstopdf --outfile=../comon/logos/EIA_ABR_Cou
leur-eps-converted-to.pdf ../comon/logos/EIA_ABR_Couleur.eps>
(epstopdf)             \includegraphics on input line 273.
Package epstopdf Info: Output file is already uptodate.
File: ../comon/logos/EIA_ABR_Couleur-eps-converted-to.pdf Graphic file (type pd
f)

<use ../comon/logos/EIA_ABR_Couleur-eps-converted-to.pdf>
Package pdftex.def Info: ../comon/logos/EIA_ABR_Couleur-eps-converted-to.pdf us
ed on input line 273.
(pdftex.def)             Requested size: 91.8745pt x 35.0pt.
 [20]
LaTeX Font Info:    Try loading font information for OML+cmr on input line 276.


(/usr/local/texlive/2010/texmf-dist/tex/latex/base/omlcmr.fd
File: omlcmr.fd 1999/05/25 v2.5h Standard LaTeX font definitions
)
LaTeX Font Info:    Font shape `OML/cmr/m/n' in size <10> not available
(Font)              Font shape `OML/cmm/m/it' tried instead on input line 276.

Overfull \hbox (11.65625pt too wide) in paragraph at lines 305--312
 [][]\OT1/cmr/bx/n/12 Ecrire un e-mail :[] \OT1/cmr/m/n/12 On peut bien sur uti
-lis^^Se la m^eme fa^^Xcon uti-lis^^Se pour l'ap-pel t^^Sel^^Sephonique
 []

Package epstopdf Info: Source file: <../comon/logos/EIA_ABR_Couleur.eps>
(epstopdf)                    date: 2011-06-02 14:17:07
(epstopdf)                    size: 351678 bytes
(epstopdf)             Output file: <../comon/logos/EIA_ABR_Couleur-eps-convert
ed-to.pdf>
(epstopdf)                    date: 2011-06-02 14:17:07
(epstopdf)                    size: 5586 bytes
(epstopdf)             Command: <repstopdf --outfile=../comon/logos/EIA_ABR_Cou
leur-eps-converted-to.pdf ../comon/logos/EIA_ABR_Couleur.eps>
(epstopdf)             \includegraphics on input line 324.
Package epstopdf Info: Output file is already uptodate.
File: ../comon/logos/EIA_ABR_Couleur-eps-converted-to.pdf Graphic file (type pd
f)
<use ../comon/logos/EIA_ABR_Couleur-eps-converted-to.pdf>
Package pdftex.def Info: ../comon/logos/EIA_ABR_Couleur-eps-converted-to.pdf us
ed on input line 324.
(pdftex.def)             Requested size: 91.8745pt x 35.0pt.
 [21]
<../comon/figures/seqCalendar.pdf, id=627, 784.40692pt x 771.36601pt>
File: ../comon/figures/seqCalendar.pdf Graphic file (type pdf)

<use ../comon/figures/seqCalendar.pdf>
Package pdftex.def Info: ../comon/figures/seqCalendar.pdf used on input line 33
6.
(pdftex.def)             Requested size: 455.24411pt x 447.68686pt.
Package epstopdf Info: Source file: <../comon/logos/EIA_ABR_Couleur.eps>
(epstopdf)                    date: 2011-06-02 14:17:07
(epstopdf)                    size: 351678 bytes
(epstopdf)             Output file: <../comon/logos/EIA_ABR_Couleur-eps-convert
ed-to.pdf>
(epstopdf)                    date: 2011-06-02 14:17:07
(epstopdf)                    size: 5586 bytes
(epstopdf)             Command: <repstopdf --outfile=../comon/logos/EIA_ABR_Cou
leur-eps-converted-to.pdf ../comon/logos/EIA_ABR_Couleur.eps>
(epstopdf)             \includegraphics on input line 337.
Package epstopdf Info: Output file is already uptodate.
File: ../comon/logos/EIA_ABR_Couleur-eps-converted-to.pdf Graphic file (type pd
f)

<use ../comon/logos/EIA_ABR_Couleur-eps-converted-to.pdf>
Package pdftex.def Info: ../comon/logos/EIA_ABR_Couleur-eps-converted-to.pdf us
ed on input line 337.
(pdftex.def)             Requested size: 91.8745pt x 35.0pt.
 [22]
<../comon/figures/classCalendar.pdf, id=641, 731.59149pt x 1060.87259pt>
File: ../comon/figures/classCalendar.pdf Graphic file (type pdf)

<use ../comon/figures/classCalendar.pdf>
Package pdftex.def Info: ../comon/figures/classCalendar.pdf used on input line 
339.
(pdftex.def)             Requested size: 365.79485pt x 530.435pt.
Package epstopdf Info: Source file: <../comon/logos/EIA_ABR_Couleur.eps>
(epstopdf)                    date: 2011-06-02 14:17:07
(epstopdf)                    size: 351678 bytes
(epstopdf)             Output file: <../comon/logos/EIA_ABR_Couleur-eps-convert
ed-to.pdf>
(epstopdf)                    date: 2011-06-02 14:17:07
(epstopdf)                    size: 5586 bytes
(epstopdf)             Command: <repstopdf --outfile=../comon/logos/EIA_ABR_Cou
leur-eps-converted-to.pdf ../comon/logos/EIA_ABR_Couleur.eps>
(epstopdf)             \includegraphics on input line 340.
Package epstopdf Info: Output file is already uptodate.
File: ../comon/logos/EIA_ABR_Couleur-eps-converted-to.pdf Graphic file (type pd
f)

<use ../comon/logos/EIA_ABR_Couleur-eps-converted-to.pdf>
Package pdftex.def Info: ../comon/logos/EIA_ABR_Couleur-eps-converted-to.pdf us
ed on input line 340.
(pdftex.def)             Requested size: 91.8745pt x 35.0pt.
 [23 <../comon/figures/seqCalendar.pdf>]
Package epstopdf Info: Source file: <../comon/logos/EIA_ABR_Couleur.eps>
(epstopdf)                    date: 2011-06-02 14:17:07
(epstopdf)                    size: 351678 bytes
(epstopdf)             Output file: <../comon/logos/EIA_ABR_Couleur-eps-convert
ed-to.pdf>
(epstopdf)                    date: 2011-06-02 14:17:07
(epstopdf)                    size: 5586 bytes
(epstopdf)             Command: <repstopdf --outfile=../comon/logos/EIA_ABR_Cou
leur-eps-converted-to.pdf ../comon/logos/EIA_ABR_Couleur.eps>
(epstopdf)             \includegraphics on input line 349.
Package epstopdf Info: Output file is already uptodate.
File: ../comon/logos/EIA_ABR_Couleur-eps-converted-to.pdf Graphic file (type pd
f)
 <use ../comon/logos/EIA_ABR_Couleur-eps-converted-to.pdf>
Package pdftex.def Info: ../comon/logos/EIA_ABR_Couleur-eps-converted-to.pdf us
ed on input line 349.
(pdftex.def)             Requested size: 91.8745pt x 35.0pt.

[24 <../comon/figures/classCalendar.pdf>]
<../comon/figures/seqExamResult.pdf, id=695, 787.66708pt x 544.45528pt>
File: ../comon/figures/seqExamResult.pdf Graphic file (type pdf)

<use ../comon/figures/seqExamResult.pdf>
Package pdftex.def Info: ../comon/figures/seqExamResult.pdf used on input line 
379.
(pdftex.def)             Requested size: 455.24411pt x 314.67935pt.
Package epstopdf Info: Source file: <../comon/logos/EIA_ABR_Couleur.eps>
(epstopdf)                    date: 2011-06-02 14:17:07
(epstopdf)                    size: 351678 bytes
(epstopdf)             Output file: <../comon/logos/EIA_ABR_Couleur-eps-convert
ed-to.pdf>
(epstopdf)                    date: 2011-06-02 14:17:07
(epstopdf)                    size: 5586 bytes
(epstopdf)             Command: <repstopdf --outfile=../comon/logos/EIA_ABR_Cou
leur-eps-converted-to.pdf ../comon/logos/EIA_ABR_Couleur.eps>
(epstopdf)             \includegraphics on input line 380.
Package epstopdf Info: Output file is already uptodate.
File: ../comon/logos/EIA_ABR_Couleur-eps-converted-to.pdf Graphic file (type pd
f)

<use ../comon/logos/EIA_ABR_Couleur-eps-converted-to.pdf>
Package pdftex.def Info: ../comon/logos/EIA_ABR_Couleur-eps-converted-to.pdf us
ed on input line 380.
(pdftex.def)             Requested size: 91.8745pt x 35.0pt.
 [25]
<../comon/figures/classExamResult.pdf, id=726, 735.50381pt x 1058.91692pt>
File: ../comon/figures/classExamResult.pdf Graphic file (type pdf)

<use ../comon/figures/classExamResult.pdf>
Package pdftex.def Info: ../comon/figures/classExamResult.pdf used on input lin
e 382.
(pdftex.def)             Requested size: 367.751pt x 529.45717pt.
Package epstopdf Info: Source file: <../comon/logos/EIA_ABR_Couleur.eps>
(epstopdf)                    date: 2011-06-02 14:17:07
(epstopdf)                    size: 351678 bytes
(epstopdf)             Output file: <../comon/logos/EIA_ABR_Couleur-eps-convert
ed-to.pdf>
(epstopdf)                    date: 2011-06-02 14:17:07
(epstopdf)                    size: 5586 bytes
(epstopdf)             Command: <repstopdf --outfile=../comon/logos/EIA_ABR_Cou
leur-eps-converted-to.pdf ../comon/logos/EIA_ABR_Couleur.eps>
(epstopdf)             \includegraphics on input line 383.
Package epstopdf Info: Output file is already uptodate.
File: ../comon/logos/EIA_ABR_Couleur-eps-converted-to.pdf Graphic file (type pd
f)

<use ../comon/logos/EIA_ABR_Couleur-eps-converted-to.pdf>
Package pdftex.def Info: ../comon/logos/EIA_ABR_Couleur-eps-converted-to.pdf us
ed on input line 383.
(pdftex.def)             Requested size: 91.8745pt x 35.0pt.
 [26 <../comon/figures/seqExamResult.pdf>])
Package epstopdf Info: Source file: <../comon/logos/EIA_ABR_Couleur.eps>
(epstopdf)                    date: 2011-06-02 14:17:07
(epstopdf)                    size: 351678 bytes
(epstopdf)             Output file: <../comon/logos/EIA_ABR_Couleur-eps-convert
ed-to.pdf>
(epstopdf)                    date: 2011-06-02 14:17:07
(epstopdf)                    size: 5586 bytes
(epstopdf)             Command: <repstopdf --outfile=../comon/logos/EIA_ABR_Cou
leur-eps-converted-to.pdf ../comon/logos/EIA_ABR_Couleur.eps>
(epstopdf)             \includegraphics on input line 88.
Package epstopdf Info: Output file is already uptodate.
File: ../comon/logos/EIA_ABR_Couleur-eps-converted-to.pdf Graphic file (type pd
f)

<use ../comon/logos/EIA_ABR_Couleur-eps-converted-to.pdf>
Package pdftex.def Info: ../comon/logos/EIA_ABR_Couleur-eps-converted-to.pdf us
ed on input line 88.
(pdftex.def)             Requested size: 91.8745pt x 35.0pt.
 [27 <../comon/figures/classExamResult.pdf>]
(/usr/local/texlive/2010/texmf-dist/tex/generic/babel/babel.sty)
No file Main.gls.
Package atveryend Info: Empty hook `BeforeClearDocument' on input line 112.
Package epstopdf Info: Source file: <../comon/logos/EIA_ABR_Couleur.eps>
(epstopdf)                    date: 2011-06-02 14:17:07
(epstopdf)                    size: 351678 bytes
(epstopdf)             Output file: <../comon/logos/EIA_ABR_Couleur-eps-convert
ed-to.pdf>
(epstopdf)                    date: 2011-06-02 14:17:07
(epstopdf)                    size: 5586 bytes
(epstopdf)             Command: <repstopdf --outfile=../comon/logos/EIA_ABR_Cou
leur-eps-converted-to.pdf ../comon/logos/EIA_ABR_Couleur.eps>
(epstopdf)             \includegraphics on input line 112.
Package epstopdf Info: Output file is already uptodate.
File: ../comon/logos/EIA_ABR_Couleur-eps-converted-to.pdf Graphic file (type pd
f)
<use ../comon/logos/EIA_ABR_Couleur-eps-converted-to.pdf>
Package pdftex.def Info: ../comon/logos/EIA_ABR_Couleur-eps-converted-to.pdf us
ed on input line 112.
(pdftex.def)             Requested size: 91.8745pt x 35.0pt.
 [28]
Package atveryend Info: Empty hook `AfterLastShipout' on input line 112.
 (./Main.aux)
Package atveryend Info: Executing hook `AtVeryEndDocument' on input line 112.
Package atveryend Info: Empty hook `AtEndAfterFileList' on input line 112.


LaTeX Warning: There were multiply-defined labels.

Package atveryend Info: Empty hook `AtVeryVeryEnd' on input line 112.
 ) 
Here is how much of TeX's memory you used:
 16411 strings out of 493763
 239551 string characters out of 3144954
 807638 words of memory out of 3000000
 19080 multiletter control sequences out of 15000+200000
 15162 words of font info for 60 fonts, out of 3000000 for 9000
 715 hyphenation exceptions out of 8191
 70i,16n,145p,1377b,1976s stack positions out of 5000i,500n,10000p,200000b,50000s
pdfTeX warning (dest): name{Hfootnote.3} has been referenced but does not exi
st, replaced by a fixed one

pdfTeX warning (dest): name{Hfootnote.2} has been referenced but does not exist
, replaced by a fixed one

pdfTeX warning (dest): name{Hfootnote.1} has been referenced but does not exist
, replaced by a fixed one

{/usr/local/texlive/2010/texmf-dist/fonts/enc/dvips/cm-super/cm-super-ts1.enc}{
/usr/local/texlive/2010/texmf-dist/fonts/enc/dvips/base/8r.enc}</usr/local/texl
ive/2010/texmf-dist/fonts/type1/public/amsfonts/cm/cmbx12.pfb></usr/local/texli
ve/2010/texmf-dist/fonts/type1/public/amsfonts/cm/cmcsc10.pfb></usr/local/texli
ve/2010/texmf-dist/fonts/type1/public/amsfonts/cm/cmmi10.pfb></usr/local/texliv
e/2010/texmf-dist/fonts/type1/public/amsfonts/cm/cmr10.pfb></usr/local/texlive/
2010/texmf-dist/fonts/type1/public/amsfonts/cm/cmr12.pfb></usr/local/texlive/20
10/texmf-dist/fonts/type1/public/amsfonts/cm/cmr17.pfb></usr/local/texlive/2010
/texmf-dist/fonts/type1/public/amsfonts/cm/cmr8.pfb></usr/local/texlive/2010/te
xmf-dist/fonts/type1/public/amsfonts/cm/cmsy10.pfb></usr/local/texlive/2010/tex
mf-dist/fonts/type1/public/cm-super/sfrm1000.pfb></usr/local/texlive/2010/texmf
-dist/fonts/type1/urw/courier/ucrr8a.pfb>
Output written on Main.pdf (29 pages, 977568 bytes).
PDF statistics:
 942 PDF objects out of 1000 (max. 8388607)
 813 compressed objects within 9 object streams
 271 named destinations out of 1000 (max. 500000)
 284 words of extra memory for PDF output out of 10000 (max. 10000000)

